<?xml version="1.0" encoding="UTF-8"?>
<!-- Generated by org.testng.reporters.JUnitReportReporter -->
<testsuite hostname="DESKTOP-G37V2UJ" name="com.ikman.testCases.PostAd_ikman" tests="2" failures="0" timestamp="7 Oct 2021 01:32:49 GMT" time="18.360" errors="0">
  <testcase name="post_ikmn" time="10.110" classname="com.ikman.testCases.PostAd_ikman"/>
  <testcase name="setproperty_details" time="8.250" classname="com.ikman.testCases.PostAd_ikman"/>
</testsuite> <!-- com.ikman.testCases.PostAd_ikman -->
