<?xml version="1.0" encoding="UTF-8"?>
<!-- Generated by org.testng.reporters.JUnitReportReporter -->
<testsuite hostname="DESKTOP-G37V2UJ" name="com.ikman.testCases.Login_ikman" tests="2" failures="0" timestamp="7 Oct 2021 01:32:49 GMT" time="12.164" errors="0">
  <testcase name="login" time="11.299" classname="com.ikman.testCases.Login_ikman"/>
  <testcase name="verify_ikman_title" time="0.865" classname="com.ikman.testCases.Login_ikman"/>
</testsuite> <!-- com.ikman.testCases.Login_ikman -->
