<?xml version="1.0" encoding="UTF-8"?>
<!-- Generated by org.testng.reporters.JUnitReportReporter -->
<testsuite hostname="DESKTOP-G37V2UJ" name="com.ikman.testCases.Login_ikman" tests="2" failures="0" timestamp="7 Oct 2021 02:09:23 GMT" time="9.830" errors="0">
  <testcase name="login" time="9.120" classname="com.ikman.testCases.Login_ikman"/>
  <testcase name="verify_ikman_title" time="0.710" classname="com.ikman.testCases.Login_ikman"/>
</testsuite> <!-- com.ikman.testCases.Login_ikman -->
