<?xml version="1.0" encoding="UTF-8"?>
<!-- Generated by org.testng.reporters.JUnitReportReporter -->
<testsuite hostname="DESKTOP-G37V2UJ" name="com.ikman.testCases.PostAd_ikman" tests="2" failures="0" timestamp="7 Oct 2021 02:09:23 GMT" time="20.067" errors="0">
  <testcase name="post_ikmn" time="11.302" classname="com.ikman.testCases.PostAd_ikman"/>
  <testcase name="setproperty_details" time="8.765" classname="com.ikman.testCases.PostAd_ikman"/>
</testsuite> <!-- com.ikman.testCases.PostAd_ikman -->
